<?xml version="1.0" encoding="UTF-8"?>
<!-- Generated by org.testng.reporters.JUnitXMLReporter -->
<testsuite ignored="0" hostname="andrei-Aspire-5738" failures="0" tests="15" name="Test" time="89.32" errors="0" timestamp="2020-07-08T16:11:25 EEST">
  <testcase classname="QA.Project.Email" name="TC2_EmailPageURL" time="0.194"/>
  <testcase classname="QA.Project.Email" name="TC3_insertEmailDisplayed" time="0.48"/>
  <testcase classname="QA.Project.Email" name="TC4_insertInvalidEmail" time="1.357"/>
  <testcase classname="QA.Project.Email" name="TC5_insertValidEmail" time="2.83"/>
  <testcase classname="QA.Project.Password" name="TC1_insertPassDisplayed" time="0.137"/>
  <testcase classname="QA.Project.Password" name="TC2_forgotPassDisplayed" time="0.214"/>
  <testcase classname="QA.Project.Password" name="TC3_insertInvalidPass" time="1.053"/>
  <testcase classname="QA.Project.Password" name="TC4_insertValidPass" time="4.634"/>
  <testcase classname="QA.Project.Home" name="TC1_HomePageTitle" time="0.036"/>
  <testcase classname="QA.Project.Home" name="TC2_HomePageURL" time="0.033"/>
  <testcase classname="QA.Project.Home" name="TC3_HomeSearchField" time="0.164"/>
  <testcase classname="QA.Project.Home" name="TC4_HomeKeyboardEnabled" time="0.081"/>
  <testcase classname="QA.Project.Home" name="TC5_HomeBelowText1" time="0.143"/>
  <testcase classname="QA.Project.Home" name="TC6_HomeBelowText2" time="0.075"/>
  <testcase classname="QA.Project.Home" name="TC7_HomeLoginClick" time="2.564"/>
</testsuite> <!-- Test -->
