<?xml version="1.0" encoding="UTF-8"?>
<!-- Generated by org.testng.reporters.JUnitXMLReporter -->
<testsuite ignored="0" hostname="andrei-Aspire-5738" failures="0" tests="15" name="Test" time="36.166" errors="0" timestamp="2020-07-08T10:34:00 EEST">
  <testcase classname="QA.Project.Email" name="TC2_EmailPageURL" time="0.068"/>
  <testcase classname="QA.Project.Email" name="TC3_insertEmailDisplayed" time="0.222"/>
  <testcase classname="QA.Project.Email" name="TC4_insertInvalidEmail" time="1.628"/>
  <testcase classname="QA.Project.Email" name="TC5_insertValidEmail" time="2.394"/>
  <testcase classname="QA.Project.Password" name="TC1_insertPassDisplayed" time="0.132"/>
  <testcase classname="QA.Project.Password" name="TC2_forgotPassDisplayed" time="0.123"/>
  <testcase classname="QA.Project.Password" name="TC3_insertInvalidPass" time="0.912"/>
  <testcase classname="QA.Project.Password" name="TC4_insertValidPass" time="3.475"/>
  <testcase classname="QA.Project.Home" name="TC1_HomePageTitle" time="0.026"/>
  <testcase classname="QA.Project.Home" name="TC2_HomePageURL" time="0.021"/>
  <testcase classname="QA.Project.Home" name="TC3_HomeSearchField" time="0.201"/>
  <testcase classname="QA.Project.Home" name="TC4_HomeKeyboardEnabled" time="0.059"/>
  <testcase classname="QA.Project.Home" name="TC5_HomeBelowText1" time="0.131"/>
  <testcase classname="QA.Project.Home" name="TC6_HomeBelowText2" time="0.075"/>
  <testcase classname="QA.Project.Home" name="TC7_HomeLoginClick" time="2.561"/>
</testsuite> <!-- Test -->
